Linux 6.8.0-51-generic (server-VirtualBox) 	12/26/2024 	_x86_64_	(1 CPU)

04:46:16 AM   UID       PID    %usr %system  %guest   %wait    %CPU   CPU  Command
04:46:17 AM  1000      3123    2.86    0.95    0.00    6.67    3.81     0  gnome-shell
04:46:17 AM    33      7032    0.95    0.00    0.00    3.81    0.95     0  apache2
04:46:17 AM    33      7033    1.90    0.00    0.00    3.81    1.90     0  apache2
04:46:17 AM    33      7034    0.95    0.00    0.00    0.95    0.95     0  apache2
04:46:17 AM    33      7035    0.95    0.95    0.00    2.86    1.90     0  apache2
04:46:17 AM    33      7036    0.95    0.00    0.00    1.90    0.95     0  apache2
04:46:17 AM  1000     11094    0.95    1.90    0.00    1.90    2.86     0  pidstat
04:46:17 AM  1000     11099    0.95    0.95    0.00    0.95    1.90     0  pidstat
04:46:17 AM    33     11538    1.90    0.00    0.00    2.86    1.90     0  apache2
04:46:17 AM  1000     71332    0.95    0.00    0.00    2.86    0.95     0  script.sh
04:46:17 AM  1000     71333    0.00    0.95    0.00    0.95    0.95     0  pidstat

04:46:16 AM   UID       PID  minflt/s  majflt/s     VSZ     RSS   %MEM  Command
04:46:17 AM     0       230      1.90      0.00   75736   29488   0.53  systemd-journal
04:46:17 AM  1000      3123    237.14      0.00 3552960  419964   7.54  gnome-shell
04:46:17 AM    33      7032      5.71      0.00  211056   11560   0.21  apache2
04:46:17 AM    33      7033      6.67      0.00  211056   11560   0.21  apache2
04:46:17 AM    33      7034      6.67      0.00  211056   11560   0.21  apache2
04:46:17 AM    33      7035      6.67      0.00  211056   11560   0.21  apache2
04:46:17 AM    33      7036      5.71      0.00  211056   11560   0.21  apache2
04:46:17 AM    33     11538      5.71      0.00  211056   11560   0.21  apache2
04:46:17 AM  1000     71332    912.38      0.00   18608    3584   0.06  script.sh
04:46:17 AM  1000     71333      3.81      0.00   18796    4096   0.07  pidstat
04:46:17 AM  1000     71374    708.57      0.00   35260   12288   0.22  curl

04:46:17 AM   UID       PID    %usr %system  %guest   %wait    %CPU   CPU  Command
04:46:18 AM     0        16    0.00    1.00    0.00    0.00    1.00     0  ksoftirqd/0
04:46:18 AM  1000      3123    1.00    0.00    0.00    1.00    1.00     0  gnome-shell
04:46:18 AM  1000      3822    1.00    0.00    0.00    0.00    1.00     0  gnome-terminal-
04:46:18 AM    33      7032    2.00    1.00    0.00    3.00    3.00     0  apache2
04:46:18 AM    33      7033    1.00    0.00    0.00    4.00    1.00     0  apache2
04:46:18 AM    33      7034    2.00    0.00    0.00    4.00    2.00     0  apache2
04:46:18 AM    33      7035    2.00    0.00    0.00    2.00    2.00     0  apache2
04:46:18 AM    33      7036    1.00    2.00    0.00    3.00    3.00     0  apache2
04:46:18 AM  1000     11094    1.00    0.00    0.00    2.00    1.00     0  pidstat
04:46:18 AM    33     11538    1.00    0.00    0.00    2.00    1.00     0  apache2
04:46:18 AM  1000     71332    1.00    0.00    0.00    4.00    1.00     0  script.sh
04:46:18 AM  1000     71333    0.00    1.00    0.00    2.00    1.00     0  pidstat

04:46:17 AM   UID       PID  minflt/s  majflt/s     VSZ     RSS   %MEM  Command
04:46:18 AM     0       230      3.00      0.00   75736   29488   0.53  systemd-journal
04:46:18 AM  1000      3123     10.00      0.00 3552960  419964   7.54  gnome-shell
04:46:18 AM  1000      4473      0.00      0.00 3094108  386388   6.94  firefox
04:46:18 AM    33      7032      7.00      0.00  211056   11560   0.21  apache2
04:46:18 AM    33      7033      7.00      0.00  211056   11560   0.21  apache2
04:46:18 AM    33      7034      6.00      0.00  211056   11560   0.21  apache2
04:46:18 AM    33      7035      6.00      0.00  211056   11560   0.21  apache2
04:46:18 AM    33      7036      7.00      0.00  211056   11560   0.21  apache2
04:46:18 AM    33     11538      7.00      0.00  211056   11560   0.21  apache2
04:46:18 AM  1000     71332    999.00      0.00   18608    3584   0.06  script.sh
04:46:18 AM  1000     71414    746.00      0.00   35260   12416   0.22  curl
