0.015542
0.014231
0.014224
0.013833
0.014116
0.013435
0.013653
0.013490
0.014126
0.013625
0.013820
0.013855
0.013755
0.013570
0.013699
0.013837
0.013654
0.013976
0.013817
0.013865
0.013614
0.014448
0.013911
0.025842
0.013755
0.013978
0.013683
0.015444
0.024920
0.026562
0.013889
0.014777
0.015961
0.013891
0.013558
0.023530
0.013714
0.013754
0.014232
0.015423
0.018924
0.014055
0.014377
0.013650
0.013593
0.013955
0.013860
0.013691
0.013876
0.013759
0.014053
0.016662
0.014185
0.013993
0.013798
0.013846
0.013848
0.013989
0.013783
0.013878
0.013665
0.013974
0.013771
0.013885
0.013584
0.013395
0.023529
0.020783
0.013256
0.013443
0.014389
0.013753
0.013871
0.013691
0.013356
0.023789
0.017039
0.013806
0.014131
0.014630
0.013966
0.013329
0.013413
0.013357
0.013365
0.013128
0.013365
0.013375
0.022195
0.013228
0.013768
0.013260
0.014108
0.013438
0.013311
0.013411
0.013387
0.013290
0.013120
