Linux 6.8.0-51-generic (server-VirtualBox) 	12/26/2024 	_x86_64_	(1 CPU)

10:03:44 PM   UID       PID    %usr %system  %guest   %wait    %CPU   CPU  Command
10:03:45 PM    33      2018    1.94    0.00    0.00    2.91    1.94     0  apache2
10:03:45 PM    33      2019    0.97    0.97    0.00    2.91    1.94     0  apache2
10:03:45 PM    33      2020    0.97    0.97    0.00    2.91    1.94     0  apache2
10:03:45 PM    33      2021    0.97    0.00    0.00    1.94    0.97     0  apache2
10:03:45 PM    33      2023    1.94    0.00    0.00    1.94    1.94     0  apache2
10:03:45 PM  1000      2649    0.97    0.00    0.00    0.00    0.97     0  gnome-shell
10:03:45 PM    33      5486    0.97    0.00    0.00    2.91    0.97     0  apache2
10:03:45 PM  1000      5810    0.00    0.97    0.00    2.91    0.97     0  script.sh
10:03:45 PM  1000      5811    0.97    0.97    0.00    1.94    1.94     0  pidstat

10:03:44 PM   UID       PID  minflt/s  majflt/s     VSZ     RSS   %MEM  Command
10:03:45 PM    33      2018      8.74      0.00  211056   11304   0.20  apache2
10:03:45 PM    33      2019     10.68      0.00  211056   11304   0.20  apache2
10:03:45 PM    33      2020     10.68      0.00  211056   11304   0.20  apache2
10:03:45 PM    33      2021     10.68      0.00  211056   11304   0.20  apache2
10:03:45 PM    33      2023     10.68      0.00  211056   11304   0.20  apache2
10:03:45 PM  1000      2649     50.49      0.00 3476832  365280   6.56  gnome-shell
10:03:45 PM    33      5486     13.59      0.00  211056   11304   0.20  apache2
10:03:45 PM  1000      5810    976.70      0.00   18608    3584   0.06  script.sh
10:03:45 PM  1000      5811      2.91      0.00   18656    3968   0.07  pidstat

10:03:45 PM   UID       PID    %usr %system  %guest   %wait    %CPU   CPU  Command
10:03:46 PM     0        16    0.00    1.00    0.00    1.00    1.00     0  ksoftirqd/0
10:03:46 PM    33      2018    1.00    1.00    0.00    3.00    2.00     0  apache2
10:03:46 PM    33      2019    2.00    0.00    0.00    2.00    2.00     0  apache2
10:03:46 PM    33      2020    2.00    0.00    0.00    2.00    2.00     0  apache2
10:03:46 PM    33      2021    2.00    1.00    0.00    3.00    3.00     0  apache2
10:03:46 PM    33      2023    2.00    1.00    0.00    2.00    3.00     0  apache2
10:03:46 PM  1000      2422    1.00    0.00    0.00    0.00    1.00     0  pipewire
10:03:46 PM  1000      2649    1.00    0.00    0.00    2.00    1.00     0  gnome-shell
10:03:46 PM    33      5486    2.00    0.00    0.00    3.00    2.00     0  apache2
10:03:46 PM  1000      5810    0.00    1.00    0.00    3.00    1.00     0  script.sh
10:03:46 PM  1000      5811    0.00    1.00    0.00    0.00    1.00     0  pidstat

10:03:45 PM   UID       PID  minflt/s  majflt/s     VSZ     RSS   %MEM  Command
10:03:46 PM    33      2018     11.00      0.00  211056   11304   0.20  apache2
10:03:46 PM    33      2019      8.00      0.00  211056   11304   0.20  apache2
10:03:46 PM    33      2020     10.00      0.00  211056   11304   0.20  apache2
10:03:46 PM    33      2021      8.00      0.00  211056   11304   0.20  apache2
10:03:46 PM    33      2023      9.00      0.00  211056   11304   0.20  apache2
10:03:46 PM  1000      2649    105.00      0.00 3476832  365280   6.56  gnome-shell
10:03:46 PM    33      5486      9.00      0.00  211056   11304   0.20  apache2
10:03:46 PM  1000      5670      1.00      0.00 1106720  222908   4.00  nautilus
10:03:46 PM  1000      5810    999.00      0.00   18608    3584   0.06  script.sh
