0.016991
0.014900
0.014527
0.014502
0.014587
0.014443
0.014108
0.014067
0.013790
0.013960
0.014089
0.013896
0.013831
0.014284
0.019113
0.014061
0.013887
0.014066
0.013418
0.014430
0.014059
0.014535
0.021507
0.014722
0.014721
0.014243
0.014399
0.014244
0.014440
0.014290
0.013932
0.014377
0.013712
0.014422
0.014452
0.014253
0.013910
0.014196
0.014094
0.013710
0.023223
0.013942
0.013934
0.013771
0.013932
0.013831
0.021794
0.014514
0.013914
0.014079
0.014048
0.014057
0.014117
0.014050
0.014123
0.013052
0.013888
0.013437
0.014311
0.013772
0.013711
0.013899
0.014183
0.013891
0.014802
0.014962
0.014278
0.014124
0.014110
0.014185
0.013781
0.016020
0.014528
0.014013
0.014014
0.014032
0.014059
0.014335
0.014682
0.014335
0.019035
0.014943
0.014514
0.013829
0.014132
0.013581
0.014075
0.014503
0.014093
0.013957
0.013908
0.014330
0.013923
0.014113
0.014040
0.014664
0.014059
0.014129
0.013662
